2024-07-15 15:26:48 - Successfully transferred: F:\IT\2 Thorsten\Testbriefe Docuguide\4479590_3892093_8416892_5295589_20221012_120957.pdf
2024-07-15 15:26:49 - Successfully transferred: F:\IT\2 Thorsten\Testbriefe Docuguide\4488290_3881812_8406607_5295065_20221012_121000.pdf
2024-07-15 15:26:49 - Successfully transferred: F:\IT\2 Thorsten\Testbriefe Docuguide\4519425_3904091_8452194_5104061_20221025_120145.doc
2024-07-15 15:26:49 - Successfully transferred: F:\IT\2 Thorsten\Testbriefe Docuguide\4519425_3904091_8452194_5104061_20221025_120145.pdf
2024-07-15 15:26:49 - Successfully transferred: F:\IT\2 Thorsten\Testbriefe Docuguide\4557208_3882065_8406864_4920011_20221012_121438.doc
2024-07-15 15:26:49 - Successfully transferred: F:\IT\2 Thorsten\Testbriefe Docuguide\4624846_3873995_8398790_5294993_20221012_121453.doc
2024-07-15 15:26:49 - Successfully transferred: F:\IT\2 Thorsten\Testbriefe Docuguide\4635143_3953694_8478493_5253996_20221012_121450.doc
2024-07-15 15:26:50 - Successfully transferred: F:\IT\2 Thorsten\Testbriefe Docuguide\4635143_3953694_8478493_5253996_20221012_121450.pdf
2024-07-15 15:26:50 - Successfully transferred: F:\IT\2 Thorsten\Testbriefe Docuguide\4666257_4003335_8528134_4822555_20221012_120948.pdf
2024-07-15 15:26:50 - Successfully transferred: F:\IT\2 Thorsten\Testbriefe Docuguide\4670069_3881536_8406331_5295066_20221012_121447.doc
2024-07-15 15:26:50 - Successfully transferred: F:\IT\2 Thorsten\Testbriefe Docuguide\DataExport_20221201_0035.xls
2024-07-15 15:26:50 - Successfully transferred: F:\IT\2 Thorsten\Testbriefe Docuguide\DataExport_20221201_0044.xls
2024-07-15 15:26:50 - Successfully transferred: F:\IT\2 Thorsten\Testbriefe Docuguide\DE-PRA_Footer_HL_GB.doc
2024-07-15 15:26:51 - Successfully transferred: F:\IT\2 Thorsten\Testbriefe Docuguide\DE-PRA_Footer_HL_GB.docx
2024-07-15 15:26:51 - Successfully transferred: F:\IT\2 Thorsten\Testbriefe Docuguide\PRA Group Deutschland GmbH.docx
2024-07-15 15:26:51 - Successfully transferred: F:\IT\2 Thorsten\Testbriefe Docuguide\Serienbriefe1.pdf
2024-07-15 15:26:51 - Successfully transferred: F:\IT\2 Thorsten\Testbriefe Docuguide\Serienbriefe2.pdf
2024-07-15 15:26:51 - Successfully transferred: F:\IT\2 Thorsten\Testbriefe Docuguide\Serienbriefe3.pdf
2024-07-15 15:26:51 - Successfully transferred: F:\IT\2 Thorsten\Testbriefe Docuguide\Serienbriefe4.pdf
2024-07-15 15:26:51 - Successfully transferred: F:\IT\2 Thorsten\Testbriefe Docuguide\Serienbriefe5.pdf
2024-07-15 15:26:52 - Successfully transferred: F:\IT\2 Thorsten\Testbriefe Docuguide\Serienbriefe6.pdf
2024-07-15 15:26:52 - Successfully transferred: F:\IT\2 Thorsten\Testbriefe Docuguide\Serienbriefe7.pdf
2024-07-15 15:27:24 - Failed to transfer C:\Users\de-Angelo\OneDrive - PRA Group Europe\Dokumente\New folder (7)\4479590_3892093_8416892_5295589_20221012_120957.pdf: The process cannot access the file 'C:\Users\de-Angelo\OneDrive - PRA Group Europe\Dokumente\New folder (7)\4479590_3892093_8416892_5295589_20221012_120957.pdf' because it is being used by another process.
